0 info it worked if it ends with ok
1 verbose cli [ '/Users/garthdb/.nvm/v0.10.23/bin/node',
1 verbose cli   '/Users/garthdb/.nvm/v0.10.23/bin/npm',
1 verbose cli   'publish' ]
2 info using npm@1.3.17
3 info using node@v0.10.23
4 verbose publish [ '.' ]
5 verbose cache add [ '.', null ]
6 verbose cache add name=undefined spec="." args=[".",null]
7 verbose parsed url { protocol: null,
7 verbose parsed url   slashes: null,
7 verbose parsed url   auth: null,
7 verbose parsed url   host: null,
7 verbose parsed url   port: null,
7 verbose parsed url   hostname: null,
7 verbose parsed url   hash: null,
7 verbose parsed url   search: null,
7 verbose parsed url   query: null,
7 verbose parsed url   pathname: '.',
7 verbose parsed url   path: '.',
7 verbose parsed url   href: '.' }
8 silly lockFile 3a52ce78- .
9 verbose lock . /Users/garthdb/.npm/3a52ce78-.lock
10 verbose tar pack [ '/var/folders/xk/t8sjn5j17n15y4d2xq8sqx8m0000gn/T/npm-1246-UCu6Ghen/1387305251124-0.5836724815890193/tmp.tgz',
10 verbose tar pack   '.' ]
11 verbose tarball /var/folders/xk/t8sjn5j17n15y4d2xq8sqx8m0000gn/T/npm-1246-UCu6Ghen/1387305251124-0.5836724815890193/tmp.tgz
12 verbose folder .
13 info prepublish topcoat-fonts@0.2.0
14 silly lockFile 1f1177db-tar tar://.
15 verbose lock tar://. /Users/garthdb/.npm/1f1177db-tar.lock
16 silly lockFile 95dc7202-51124-0-5836724815890193-tmp-tgz tar:///var/folders/xk/t8sjn5j17n15y4d2xq8sqx8m0000gn/T/npm-1246-UCu6Ghen/1387305251124-0.5836724815890193/tmp.tgz
17 verbose lock tar:///var/folders/xk/t8sjn5j17n15y4d2xq8sqx8m0000gn/T/npm-1246-UCu6Ghen/1387305251124-0.5836724815890193/tmp.tgz /Users/garthdb/.npm/95dc7202-51124-0-5836724815890193-tmp-tgz.lock
18 silly lockFile 1f1177db-tar tar://.
19 silly lockFile 1f1177db-tar tar://.
20 silly lockFile 95dc7202-51124-0-5836724815890193-tmp-tgz tar:///var/folders/xk/t8sjn5j17n15y4d2xq8sqx8m0000gn/T/npm-1246-UCu6Ghen/1387305251124-0.5836724815890193/tmp.tgz
21 silly lockFile 95dc7202-51124-0-5836724815890193-tmp-tgz tar:///var/folders/xk/t8sjn5j17n15y4d2xq8sqx8m0000gn/T/npm-1246-UCu6Ghen/1387305251124-0.5836724815890193/tmp.tgz
22 verbose tar unpack /var/folders/xk/t8sjn5j17n15y4d2xq8sqx8m0000gn/T/npm-1246-UCu6Ghen/1387305251124-0.5836724815890193/tmp.tgz
23 silly lockFile 4d312910-51124-0-5836724815890193-package tar:///var/folders/xk/t8sjn5j17n15y4d2xq8sqx8m0000gn/T/npm-1246-UCu6Ghen/1387305251124-0.5836724815890193/package
24 verbose lock tar:///var/folders/xk/t8sjn5j17n15y4d2xq8sqx8m0000gn/T/npm-1246-UCu6Ghen/1387305251124-0.5836724815890193/package /Users/garthdb/.npm/4d312910-51124-0-5836724815890193-package.lock
25 silly lockFile 95dc7202-51124-0-5836724815890193-tmp-tgz tar:///var/folders/xk/t8sjn5j17n15y4d2xq8sqx8m0000gn/T/npm-1246-UCu6Ghen/1387305251124-0.5836724815890193/tmp.tgz
26 verbose lock tar:///var/folders/xk/t8sjn5j17n15y4d2xq8sqx8m0000gn/T/npm-1246-UCu6Ghen/1387305251124-0.5836724815890193/tmp.tgz /Users/garthdb/.npm/95dc7202-51124-0-5836724815890193-tmp-tgz.lock
27 silly gunzTarPerm modes [ '755', '644' ]
28 silly gunzTarPerm extractEntry package.json
29 silly gunzTarPerm extractEntry README.md
30 silly gunzTarPerm extractEntry font/SourceCodePro/LICENSE.txt
31 silly gunzTarPerm extractEntry font/SourceCodePro/SourceCodePro-Black.otf
32 silly gunzTarPerm extractEntry font/SourceCodePro/SourceCodePro-Bold.otf
33 silly gunzTarPerm extractEntry font/SourceCodePro/SourceCodePro-ExtraLight.otf
34 silly gunzTarPerm extractEntry font/SourceCodePro/SourceCodePro-Light.otf
35 silly gunzTarPerm extractEntry font/SourceCodePro/SourceCodePro-Regular.otf
36 silly gunzTarPerm extractEntry font/SourceCodePro/SourceCodePro-Semibold.otf
37 silly gunzTarPerm extractEntry font/SourceSansPro/SourceSansPro-ExtraLightIt.otf
38 silly gunzTarPerm extractEntry font/SourceSansPro/LICENSE.txt
39 silly gunzTarPerm extractEntry font/SourceSansPro/SourceSansPro-BlackIt.otf
40 silly gunzTarPerm extractEntry font/SourceSansPro/SourceSansPro-Bold.otf
41 silly gunzTarPerm extractEntry font/SourceSansPro/SourceSansPro-BoldIt.otf
42 silly gunzTarPerm extractEntry font/SourceSansPro/SourceSansPro-ExtraLight.otf
43 silly gunzTarPerm extractEntry font/SourceSansPro/SourceSansPro-Black.otf
44 silly gunzTarPerm extractEntry font/SourceSansPro/SourceSansPro-It.otf
45 silly gunzTarPerm extractEntry font/SourceSansPro/SourceSansPro-Light.otf
46 silly gunzTarPerm extractEntry font/SourceSansPro/SourceSansPro-LightIt.otf
47 silly gunzTarPerm extractEntry font/SourceSansPro/SourceSansPro-Regular.otf
48 silly gunzTarPerm extractEntry font/SourceSansPro/SourceSansPro-Semibold.otf
49 silly gunzTarPerm extractEntry font/SourceSansPro/SourceSansPro-SemiboldIt.otf
50 silly gunzTarPerm extractEntry src/fonts.css
51 silly lockFile 4d312910-51124-0-5836724815890193-package tar:///var/folders/xk/t8sjn5j17n15y4d2xq8sqx8m0000gn/T/npm-1246-UCu6Ghen/1387305251124-0.5836724815890193/package
52 silly lockFile 4d312910-51124-0-5836724815890193-package tar:///var/folders/xk/t8sjn5j17n15y4d2xq8sqx8m0000gn/T/npm-1246-UCu6Ghen/1387305251124-0.5836724815890193/package
53 silly lockFile 95dc7202-51124-0-5836724815890193-tmp-tgz tar:///var/folders/xk/t8sjn5j17n15y4d2xq8sqx8m0000gn/T/npm-1246-UCu6Ghen/1387305251124-0.5836724815890193/tmp.tgz
54 silly lockFile 95dc7202-51124-0-5836724815890193-tmp-tgz tar:///var/folders/xk/t8sjn5j17n15y4d2xq8sqx8m0000gn/T/npm-1246-UCu6Ghen/1387305251124-0.5836724815890193/tmp.tgz
55 verbose tar pack [ '/Users/garthdb/.npm/topcoat-fonts/0.2.0/package.tgz',
55 verbose tar pack   '/var/folders/xk/t8sjn5j17n15y4d2xq8sqx8m0000gn/T/npm-1246-UCu6Ghen/1387305251124-0.5836724815890193/package' ]
56 verbose tarball /Users/garthdb/.npm/topcoat-fonts/0.2.0/package.tgz
57 verbose folder /var/folders/xk/t8sjn5j17n15y4d2xq8sqx8m0000gn/T/npm-1246-UCu6Ghen/1387305251124-0.5836724815890193/package
58 silly lockFile 4d312910-51124-0-5836724815890193-package tar:///var/folders/xk/t8sjn5j17n15y4d2xq8sqx8m0000gn/T/npm-1246-UCu6Ghen/1387305251124-0.5836724815890193/package
59 verbose lock tar:///var/folders/xk/t8sjn5j17n15y4d2xq8sqx8m0000gn/T/npm-1246-UCu6Ghen/1387305251124-0.5836724815890193/package /Users/garthdb/.npm/4d312910-51124-0-5836724815890193-package.lock
60 silly lockFile 2e0e9bb9--topcoat-fonts-0-2-0-package-tgz tar:///Users/garthdb/.npm/topcoat-fonts/0.2.0/package.tgz
61 verbose lock tar:///Users/garthdb/.npm/topcoat-fonts/0.2.0/package.tgz /Users/garthdb/.npm/2e0e9bb9--topcoat-fonts-0-2-0-package-tgz.lock
62 silly lockFile 4d312910-51124-0-5836724815890193-package tar:///var/folders/xk/t8sjn5j17n15y4d2xq8sqx8m0000gn/T/npm-1246-UCu6Ghen/1387305251124-0.5836724815890193/package
63 silly lockFile 4d312910-51124-0-5836724815890193-package tar:///var/folders/xk/t8sjn5j17n15y4d2xq8sqx8m0000gn/T/npm-1246-UCu6Ghen/1387305251124-0.5836724815890193/package
64 silly lockFile 2e0e9bb9--topcoat-fonts-0-2-0-package-tgz tar:///Users/garthdb/.npm/topcoat-fonts/0.2.0/package.tgz
65 silly lockFile 2e0e9bb9--topcoat-fonts-0-2-0-package-tgz tar:///Users/garthdb/.npm/topcoat-fonts/0.2.0/package.tgz
66 silly lockFile ae2b8beb--npm-topcoat-fonts-0-2-0-package /Users/garthdb/.npm/topcoat-fonts/0.2.0/package
67 verbose lock /Users/garthdb/.npm/topcoat-fonts/0.2.0/package /Users/garthdb/.npm/ae2b8beb--npm-topcoat-fonts-0-2-0-package.lock
68 silly lockFile ae2b8beb--npm-topcoat-fonts-0-2-0-package /Users/garthdb/.npm/topcoat-fonts/0.2.0/package
69 silly lockFile ae2b8beb--npm-topcoat-fonts-0-2-0-package /Users/garthdb/.npm/topcoat-fonts/0.2.0/package
70 verbose tar unpack /Users/garthdb/.npm/topcoat-fonts/0.2.0/package.tgz
71 silly lockFile 9c03f918--npm-topcoat-fonts-0-2-0-package tar:///Users/garthdb/.npm/topcoat-fonts/0.2.0/package
72 verbose lock tar:///Users/garthdb/.npm/topcoat-fonts/0.2.0/package /Users/garthdb/.npm/9c03f918--npm-topcoat-fonts-0-2-0-package.lock
73 silly lockFile 2e0e9bb9--topcoat-fonts-0-2-0-package-tgz tar:///Users/garthdb/.npm/topcoat-fonts/0.2.0/package.tgz
74 verbose lock tar:///Users/garthdb/.npm/topcoat-fonts/0.2.0/package.tgz /Users/garthdb/.npm/2e0e9bb9--topcoat-fonts-0-2-0-package-tgz.lock
75 silly gunzTarPerm modes [ '755', '644' ]
76 silly gunzTarPerm extractEntry package.json
77 silly gunzTarPerm extractEntry README.md
78 silly gunzTarPerm extractEntry font/SourceCodePro/LICENSE.txt
79 silly gunzTarPerm extractEntry font/SourceCodePro/SourceCodePro-Black.otf
80 silly gunzTarPerm extractEntry font/SourceCodePro/SourceCodePro-Bold.otf
81 silly gunzTarPerm extractEntry font/SourceCodePro/SourceCodePro-ExtraLight.otf
82 silly gunzTarPerm extractEntry font/SourceCodePro/SourceCodePro-Light.otf
83 silly gunzTarPerm extractEntry font/SourceCodePro/SourceCodePro-Regular.otf
84 silly gunzTarPerm extractEntry font/SourceCodePro/SourceCodePro-Semibold.otf
85 silly gunzTarPerm extractEntry font/SourceSansPro/SourceSansPro-ExtraLightIt.otf
86 silly gunzTarPerm extractEntry font/SourceSansPro/LICENSE.txt
87 silly gunzTarPerm extractEntry font/SourceSansPro/SourceSansPro-BlackIt.otf
88 silly gunzTarPerm extractEntry font/SourceSansPro/SourceSansPro-Bold.otf
89 silly gunzTarPerm extractEntry font/SourceSansPro/SourceSansPro-BoldIt.otf
90 silly gunzTarPerm extractEntry font/SourceSansPro/SourceSansPro-ExtraLight.otf
91 silly gunzTarPerm extractEntry font/SourceSansPro/SourceSansPro-Black.otf
92 silly gunzTarPerm extractEntry font/SourceSansPro/SourceSansPro-It.otf
93 silly gunzTarPerm extractEntry font/SourceSansPro/SourceSansPro-Light.otf
94 silly gunzTarPerm extractEntry font/SourceSansPro/SourceSansPro-LightIt.otf
95 silly gunzTarPerm extractEntry font/SourceSansPro/SourceSansPro-Regular.otf
96 silly gunzTarPerm extractEntry font/SourceSansPro/SourceSansPro-Semibold.otf
97 silly gunzTarPerm extractEntry font/SourceSansPro/SourceSansPro-SemiboldIt.otf
98 silly gunzTarPerm extractEntry src/fonts.css
99 silly lockFile 9c03f918--npm-topcoat-fonts-0-2-0-package tar:///Users/garthdb/.npm/topcoat-fonts/0.2.0/package
100 silly lockFile 9c03f918--npm-topcoat-fonts-0-2-0-package tar:///Users/garthdb/.npm/topcoat-fonts/0.2.0/package
101 silly lockFile 2e0e9bb9--topcoat-fonts-0-2-0-package-tgz tar:///Users/garthdb/.npm/topcoat-fonts/0.2.0/package.tgz
102 silly lockFile 2e0e9bb9--topcoat-fonts-0-2-0-package-tgz tar:///Users/garthdb/.npm/topcoat-fonts/0.2.0/package.tgz
103 verbose chmod /Users/garthdb/.npm/topcoat-fonts/0.2.0/package.tgz 644
104 verbose chown /Users/garthdb/.npm/topcoat-fonts/0.2.0/package.tgz [ 501, 20 ]
105 silly lockFile 3a52ce78- .
106 silly lockFile 3a52ce78- .
107 silly publish { name: 'topcoat-fonts',
107 silly publish   version: '0.2.0',
107 silly publish   description: 'Fonts for use with Topcoat',
107 silly publish   main: 'src/fonts.css',
107 silly publish   style: 'src/fonts.css',
107 silly publish   repository: { type: 'git', url: 'git://github.com/topcoat/fonts.git' },
107 silly publish   keywords: [ 'fonts', 'topcoat', 'css' ],
107 silly publish   author: { name: '@dam' },
107 silly publish   license: 'Apache2',
107 silly publish   bugs: { url: 'https://github.com/topcoat/fonts/issues' },
107 silly publish   homepage: 'https://github.com/topcoat/fonts',
107 silly publish   readme: 'fonts\n=====\n\nFonts for topcoat theme\n',
107 silly publish   readmeFilename: 'README.md',
107 silly publish   _id: 'topcoat-fonts@0.2.0',
107 silly publish   dist: { shasum: 'd53e53131e87a2478dc11344883f931e4046335d' },
107 silly publish   _from: '.' }
108 verbose url raw topcoat-fonts
109 verbose url resolving [ 'https://registry.npmjs.org/', './topcoat-fonts' ]
110 verbose url resolved https://registry.npmjs.org/topcoat-fonts
111 info trying registry request attempt 1 at 10:34:11
112 http PUT https://registry.npmjs.org/topcoat-fonts
113 http 409 https://registry.npmjs.org/topcoat-fonts
114 verbose url raw topcoat-fonts
115 verbose url resolving [ 'https://registry.npmjs.org/', './topcoat-fonts' ]
116 verbose url resolved https://registry.npmjs.org/topcoat-fonts
117 info trying registry request attempt 1 at 10:34:12
118 http GET https://registry.npmjs.org/topcoat-fonts
119 http 200 https://registry.npmjs.org/topcoat-fonts
120 verbose uploading [ 'topcoat-fonts/-/topcoat-fonts-0.2.0.tgz/-rev/5-4acfdc6b18af0398e2c7d488a6c49b80',
120 verbose uploading   '/Users/garthdb/.npm/topcoat-fonts/0.2.0/package.tgz' ]
121 verbose url raw topcoat-fonts/-/topcoat-fonts-0.2.0.tgz/-rev/5-4acfdc6b18af0398e2c7d488a6c49b80
122 verbose url resolving [ 'https://registry.npmjs.org/',
122 verbose url resolving   './topcoat-fonts/-/topcoat-fonts-0.2.0.tgz/-rev/5-4acfdc6b18af0398e2c7d488a6c49b80' ]
123 verbose url resolved https://registry.npmjs.org/topcoat-fonts/-/topcoat-fonts-0.2.0.tgz/-rev/5-4acfdc6b18af0398e2c7d488a6c49b80
124 info trying registry request attempt 1 at 10:34:13
125 http PUT https://registry.npmjs.org/topcoat-fonts/-/topcoat-fonts-0.2.0.tgz/-rev/5-4acfdc6b18af0398e2c7d488a6c49b80
126 http 403 https://registry.npmjs.org/topcoat-fonts/-/topcoat-fonts-0.2.0.tgz/-rev/5-4acfdc6b18af0398e2c7d488a6c49b80
127 error Error: write EPIPE
127 error     at errnoException (net.js:901:11)
127 error     at Object.afterWrite (net.js:718:19)
128 error If you need help, you may report this *entire* log,
128 error including the npm and node versions, at:
128 error     <http://github.com/isaacs/npm/issues>
129 error System Darwin 13.0.0
130 error command "/Users/garthdb/.nvm/v0.10.23/bin/node" "/Users/garthdb/.nvm/v0.10.23/bin/npm" "publish"
131 error cwd /Users/garthdb/Topcoat/fonts
132 error node -v v0.10.23
133 error npm -v 1.3.17
134 error syscall write
135 error code EPIPE
136 error errno EPIPE
137 verbose exit [ 1, true ]
